<?xml version="1.0" encoding="UTF-8"?>
<!-- Generated by org.testng.reporters.JUnitXMLReporter -->
<testsuite hostname="DESKTOP-2IEME8E" ignored="0" name="TestChrome" tests="3" failures="0" timestamp="31 Mar 2018 16:24:18 GMT" time="76.348" errors="0">
  <testcase name="testValidLogin" time="7.482" classname="script.ValidLogin"/>
  <testcase name="testInvalidLogin" time="2.829" classname="script.InvalidLogin"/>
  <testcase name="testCheckVersion" time="6.895" classname="script.CheckVersion"/>
</testsuite> <!-- TestChrome -->
