<?xml version="1.0" encoding="UTF-8"?>
<!-- Generated by org.testng.reporters.JUnitXMLReporter -->
<testsuite hostname="DESKTOP-2IEME8E" ignored="0" name="TestChrome" tests="3" failures="0" timestamp="31 Mar 2018 17:18:20 GMT" time="64.978" errors="0">
  <testcase name="testValidLogin" time="8.172" classname="script.ValidLogin"/>
  <testcase name="testInvalidLogin" time="1.513" classname="script.InvalidLogin"/>
  <testcase name="testCheckVersion" time="2.964" classname="script.CheckVersion"/>
</testsuite> <!-- TestChrome -->
