<?xml version="1.0" encoding="UTF-8"?>
<testng-results skipped="0" failed="0" ignored="0" total="2" passed="2">
  <reporter-output>
    <line>
      <![CDATA[Expected Page actiTIME - Login is Displayed]]>
    </line>
    <line>
      <![CDATA[Error msg Username or Password is invalid. Please try again. is Displayed]]>
    </line>
    <line>
      <![CDATA[Expected Page actiTIME - Login is Displayed]]>
    </line>
    <line>
      <![CDATA[Expected Page actiTIME - Enter Time-Track is Displayed]]>
    </line>
  </reporter-output>
  <suite name="Suite" duration-ms="85025" started-at="2018-03-31T15:08:22Z" finished-at="2018-03-31T15:09:47Z">
    <groups>
    </groups>
    <test name="Test" duration-ms="85025" started-at="2018-03-31T15:08:22Z" finished-at="2018-03-31T15:09:47Z">
      <class name="script.InvalidLogin">
        <test-method status="PASS" signature="openApplication()[pri:0, instance:script.InvalidLogin@4e04a765]" name="openApplication" is-config="true" duration-ms="21597" started-at="2018-03-31T15:08:22Z" finished-at="2018-03-31T15:08:43Z">
          <reporter-output>
          </reporter-output>
        </test-method> <!-- openApplication -->
        <test-method status="PASS" signature="testInvalidLogin()[pri:0, instance:script.InvalidLogin@4e04a765]" name="testInvalidLogin" duration-ms="5537" started-at="2018-03-31T15:08:43Z" finished-at="2018-03-31T15:08:49Z">
          <reporter-output>
            <line>
              <![CDATA[Expected Page actiTIME - Login is Displayed]]>
            </line>
            <line>
              <![CDATA[Error msg Username or Password is invalid. Please try again. is Displayed]]>
            </line>
          </reporter-output>
        </test-method> <!-- testInvalidLogin -->
        <test-method status="PASS" signature="closeApplication(org.testng.ITestResult)[pri:0, instance:script.InvalidLogin@4e04a765]" name="closeApplication" is-config="true" duration-ms="1150" started-at="2018-03-31T15:08:49Z" finished-at="2018-03-31T15:08:50Z">
          <params>
            <param index="0">
              <value>
                <![CDATA[[TestResult name=testInvalidLogin status=SUCCESS method=InvalidLogin.testInvalidLogin()[pri:0, instance:script.InvalidLogin@4e04a765] output=Expected Page actiTIME - Login is Displayed]]]>
              </value>
            </param>
          </params>
          <reporter-output>
          </reporter-output>
        </test-method> <!-- closeApplication -->
      </class> <!-- script.InvalidLogin -->
      <class name="script.ValidLogin">
        <test-method status="PASS" signature="openApplication()[pri:0, instance:script.ValidLogin@783e6358]" name="openApplication" is-config="true" duration-ms="47415" started-at="2018-03-31T15:08:50Z" finished-at="2018-03-31T15:09:37Z">
          <reporter-output>
          </reporter-output>
        </test-method> <!-- openApplication -->
        <test-method status="PASS" signature="testValidLogin()[pri:0, instance:script.ValidLogin@783e6358]" name="testValidLogin" duration-ms="8584" started-at="2018-03-31T15:09:37Z" finished-at="2018-03-31T15:09:46Z">
          <reporter-output>
            <line>
              <![CDATA[Expected Page actiTIME - Login is Displayed]]>
            </line>
            <line>
              <![CDATA[Expected Page actiTIME - Enter Time-Track is Displayed]]>
            </line>
          </reporter-output>
        </test-method> <!-- testValidLogin -->
        <test-method status="PASS" signature="closeApplication(org.testng.ITestResult)[pri:0, instance:script.ValidLogin@783e6358]" name="closeApplication" is-config="true" duration-ms="698" started-at="2018-03-31T15:09:46Z" finished-at="2018-03-31T15:09:47Z">
          <params>
            <param index="0">
              <value>
                <![CDATA[[TestResult name=testValidLogin status=SUCCESS method=ValidLogin.testValidLogin()[pri:0, instance:script.ValidLogin@783e6358] output=Expected Page actiTIME - Login is Displayed]]]>
              </value>
            </param>
          </params>
          <reporter-output>
          </reporter-output>
        </test-method> <!-- closeApplication -->
      </class> <!-- script.ValidLogin -->
    </test> <!-- Test -->
  </suite> <!-- Suite -->
</testng-results>
