<?xml version="1.0" encoding="UTF-8"?>
<testng-results skipped="0" failed="0" ignored="0" total="1" passed="1">
  <reporter-output>
    <line>
      <![CDATA[Expected Page actiTIME - Login is Displayed]]>
    </line>
  </reporter-output>
  <suite name="Default suite" duration-ms="51291" started-at="2018-03-31T15:05:32Z" finished-at="2018-03-31T15:06:24Z">
    <groups>
    </groups>
    <test name="Default test" duration-ms="51291" started-at="2018-03-31T15:05:32Z" finished-at="2018-03-31T15:06:24Z">
      <class name="script.InvalidLogin">
        <test-method status="PASS" signature="openApplication()[pri:0, instance:script.InvalidLogin@5e3a8624]" name="openApplication" is-config="true" duration-ms="43331" started-at="2018-03-31T15:05:33Z" finished-at="2018-03-31T15:06:16Z">
          <reporter-output>
          </reporter-output>
        </test-method> <!-- openApplication -->
        <test-method status="PASS" signature="testInvalidLogin()[pri:0, instance:script.InvalidLogin@5e3a8624]" name="testInvalidLogin" duration-ms="6870" started-at="2018-03-31T15:06:16Z" finished-at="2018-03-31T15:06:23Z">
          <reporter-output>
            <line>
              <![CDATA[Expected Page actiTIME - Login is Displayed]]>
            </line>
          </reporter-output>
        </test-method> <!-- testInvalidLogin -->
        <test-method status="PASS" signature="closeApplication(org.testng.ITestResult)[pri:0, instance:script.InvalidLogin@5e3a8624]" name="closeApplication" is-config="true" duration-ms="951" started-at="2018-03-31T15:06:23Z" finished-at="2018-03-31T15:06:24Z">
          <params>
            <param index="0">
              <value>
                <![CDATA[[TestResult name=testInvalidLogin status=SUCCESS method=InvalidLogin.testInvalidLogin()[pri:0, instance:script.InvalidLogin@5e3a8624] output=Expected Page actiTIME - Login is Displayed]]]>
              </value>
            </param>
          </params>
          <reporter-output>
          </reporter-output>
        </test-method> <!-- closeApplication -->
      </class> <!-- script.InvalidLogin -->
    </test> <!-- Default test -->
  </suite> <!-- Default suite -->
</testng-results>
